[debug] [2022-02-17T19:30:31.055Z] ----------------------------------------------------------------------
[debug] [2022-02-17T19:30:31.057Z] Command:       /Users/adambyrne/n/bin/node /usr/local/bin/firebase init
[debug] [2022-02-17T19:30:31.058Z] CLI Version:   9.18.0
[debug] [2022-02-17T19:30:31.058Z] Platform:      darwin
[debug] [2022-02-17T19:30:31.058Z] Node Version:  v16.9.1
[debug] [2022-02-17T19:30:31.059Z] Time:          Thu Feb 17 2022 19:30:31 GMT+0000 (Greenwich Mean Time)
[debug] [2022-02-17T19:30:31.059Z] ----------------------------------------------------------------------
[debug] 
[debug] [2022-02-17T19:30:31.065Z] > command requires scopes: ["email","openid","https://www.googleapis.com/auth/cloudplatformprojects.readonly","https://www.googleapis.com/auth/firebase","https://www.googleapis.com/auth/cloud-platform"]
[debug] [2022-02-17T19:30:31.065Z] > authorizing via signed-in user (adamrbyrne@gmail.com)
[info] 
     ######## #### ########  ######## ########     ###     ######  ########
     ##        ##  ##     ## ##       ##     ##  ##   ##  ##       ##
     ######    ##  ########  ######   ########  #########  ######  ######
     ##        ##  ##    ##  ##       ##     ## ##     ##       ## ##
     ##       #### ##     ## ######## ########  ##     ##  ######  ########

You're about to initialize a Firebase project in this directory:

  /Users/adambyrne/code/quickr

[info] 
=== Project Setup
[info] 
[info] First, let's associate this project directory with a Firebase project.
[info] You can create multiple project aliases by running firebase use --add, 
[info] but for now we'll just set up a default project.
[info] 
[debug] [2022-02-17T19:30:38.923Z] > refreshing access token with scopes: []
[debug] [2022-02-17T19:30:38.924Z] >>> HTTP REQUEST POST https://www.googleapis.com/oauth2/v3/token  
 <request body omitted>
[debug] [2022-02-17T19:30:39.118Z] <<< HTTP RESPONSE 200 {"cache-control":"no-cache, no-store, max-age=0, must-revalidate","expires":"Mon, 01 Jan 1990 00:00:00 GMT","pragma":"no-cache","date":"Thu, 17 Feb 2022 19:30:39 GMT","content-type":"application/json; charset=utf-8","vary":"X-Origin, Referer, Origin,Accept-Encoding","server":"scaffolding on HTTPServer2","x-xss-protection":"0","x-frame-options":"SAMEORIGIN","x-content-type-options":"nosniff","alt-svc":"h3=\":443\"; ma=2592000,h3-29=\":443\"; ma=2592000,h3-Q050=\":443\"; ma=2592000,h3-Q046=\":443\"; ma=2592000,h3-Q043=\":443\"; ma=2592000,quic=\":443\"; ma=2592000; v=\"46,43\"","accept-ranges":"none","transfer-encoding":"chunked"}
[debug] [2022-02-17T19:30:39.167Z] >>> [apiv2][query] GET https://firebase.googleapis.com/v1beta1/projects pageSize=100
[debug] [2022-02-17T19:30:39.839Z] <<< [apiv2][status] GET https://firebase.googleapis.com/v1beta1/projects 200
[debug] [2022-02-17T19:30:39.839Z] <<< [apiv2][body] GET https://firebase.googleapis.com/v1beta1/projects [omitted]
[info] i  Using project quickr-9d1ae (quickr) 
[info] 
=== Hosting Setup
[info] 
[info] Your public directory is the folder (relative to your project directory) that
[info] will contain Hosting assets to be uploaded with firebase deploy. If you
[info] have a build process for your assets, use your build's output directory.
[info] 
[debug] [2022-02-17T19:31:02.200Z] >>> [apiv2][query] GET https://www.gstatic.com/firebasejs/releases.json [none]
[debug] [2022-02-17T19:31:02.360Z] <<< [apiv2][status] GET https://www.gstatic.com/firebasejs/releases.json 200
[debug] [2022-02-17T19:31:02.360Z] <<< [apiv2][body] GET https://www.gstatic.com/firebasejs/releases.json {"current":{"version":"9.6.6","browserURL":"https://www.gstatic.com/firebasejs/9.6.6/firebase.js","packageURL":"https://www.gstatic.com/firebasejs/9.6.6/firebase.tgz"},"live":{"version":"9.6","browserURL":"https://www.gstatic.com/firebasejs/live/9.6/firebase.js","packageURL":"https://www.gstatic.com/firebasejs/live/9.6/firebase.tgz"},"components":{"analytics":"https://www.gstatic.com/firebasejs/9.6.6/firebase-analytics.js","app":"https://www.gstatic.com/firebasejs/9.6.6/firebase-app.js","app-check":"https://www.gstatic.com/firebasejs/9.6.6/firebase-app-check.js","auth":"https://www.gstatic.com/firebasejs/9.6.6/firebase-auth.js","auth/cordova":"https://www.gstatic.com/firebasejs/9.6.6/firebase-auth/cordova.js","auth/react-native":"https://www.gstatic.com/firebasejs/9.6.6/firebase-auth/react-native.js","functions":"https://www.gstatic.com/firebasejs/9.6.6/firebase-functions.js","firestore":"https://www.gstatic.com/firebasejs/9.6.6/firebase-firestore.js","firestore/lite":"https://www.gstatic.com/firebasejs/9.6.6/firebase-firestore/lite.js","storage":"https://www.gstatic.com/firebasejs/9.6.6/firebase-storage.js","performance":"https://www.gstatic.com/firebasejs/9.6.6/firebase-performance.js","remote-config":"https://www.gstatic.com/firebasejs/9.6.6/firebase-remote-config.js","messaging":"https://www.gstatic.com/firebasejs/9.6.6/firebase-messaging.js","messaging/sw":"https://www.gstatic.com/firebasejs/9.6.6/firebase-messaging/sw.js","database":"https://www.gstatic.com/firebasejs/9.6.6/firebase-database.js","firestore.memory":"https://www.gstatic.com/firebasejs/9.6.6/firebase-firestore.memory.js"}}
[info] ✔  Wrote public/index.html 
[info] 
[info] i  Detected a .git folder at /Users/adambyrne/code/quickr 
[info] i  Authorizing with GitHub to upload your service account to a GitHub repository's secrets store. 
[info] 
[info] Visit this URL on this device to log in:
[info] https://github.com/login/oauth/authorize?client_id=89cf50f02ac6aaed3484&state=570665306&redirect_uri=http%3A%2F%2Flocalhost%3A9005&scope=read%3Auser%20repo%20public_repo
[info] 
[info] Waiting for authentication...
[debug] [2022-02-17T19:31:10.640Z] >>> HTTP REQUEST POST https://github.com/login/oauth/access_token  
 {"client_id":"89cf50f02ac6aaed3484","client_secret":"3330d14abc895d9a74d5f17cd7a00711fa2c5bf0","code":"16c0eb44bbe04c919f44","redirect_uri":"http://localhost:9005","state":"570665306"}
[debug] [2022-02-17T19:31:11.092Z] <<< HTTP RESPONSE 200 {"server":"GitHub.com","date":"Thu, 17 Feb 2022 19:31:11 GMT","content-type":"application/json; charset=utf-8","transfer-encoding":"chunked","vary":"X-PJAX, X-PJAX-Container, Accept-Encoding, Accept, X-Requested-With","permissions-policy":"interest-cohort=()","etag":"W/\"909ed65497db8641277c1f087f3cace8\"","cache-control":"max-age=0, private, must-revalidate","strict-transport-security":"max-age=31536000; includeSubdomains; preload","x-frame-options":"deny","x-content-type-options":"nosniff","x-xss-protection":"0","referrer-policy":"origin-when-cross-origin, strict-origin-when-cross-origin","expect-ct":"max-age=2592000, report-uri=\"https://api.github.com/_private/browser/errors\"","content-security-policy":"default-src 'none'; base-uri 'self'; block-all-mixed-content; child-src github.com/assets-cdn/worker/ gist.github.com/assets-cdn/worker/; connect-src 'self' uploads.github.com objects-origin.githubusercontent.com www.githubstatus.com collector.githubapp.com collector.github.com api.github.com github-cloud.s3.amazonaws.com github-production-repository-file-5c1aeb.s3.amazonaws.com github-production-upload-manifest-file-7fdce7.s3.amazonaws.com github-production-user-asset-6210df.s3.amazonaws.com cdn.optimizely.com logx.optimizely.com/v1/events translator.github.com wss://alive.github.com; font-src github.githubassets.com; form-action 'self' github.com gist.github.com objects-origin.githubusercontent.com; frame-ancestors 'none'; frame-src render.githubusercontent.com viewscreen.githubusercontent.com notebooks.githubusercontent.com; img-src 'self' data: github.githubassets.com identicons.github.com collector.githubapp.com collector.github.com github-cloud.s3.amazonaws.com secured-user-images.githubusercontent.com/ *.githubusercontent.com; manifest-src 'self'; media-src github.com user-images.githubusercontent.com/; script-src github.githubassets.com; style-src 'unsafe-inline' github.githubassets.com; worker-src github.com/assets-cdn/worker/ gist.github.com/assets-cdn/worker/","x-github-request-id":"9F71:8356:FFCBB8:12082F6:620EA27E"}
[debug] [2022-02-17T19:31:11.096Z] >>> [apiv2][query] GET https://api.github.com/user [none]
[debug] [2022-02-17T19:31:11.481Z] <<< [apiv2][status] GET https://api.github.com/user 200
[debug] [2022-02-17T19:31:11.481Z] <<< [apiv2][body] GET https://api.github.com/user {"login":"theadambyrne","id":8269411,"node_id":"MDQ6VXNlcjgyNjk0MTE=","avatar_url":"https://avatars.githubusercontent.com/u/8269411?v=4","gravatar_id":"","url":"https://api.github.com/users/theadambyrne","html_url":"https://github.com/theadambyrne","followers_url":"https://api.github.com/users/theadambyrne/followers","following_url":"https://api.github.com/users/theadambyrne/following{/other_user}","gists_url":"https://api.github.com/users/theadambyrne/gists{/gist_id}","starred_url":"https://api.github.com/users/theadambyrne/starred{/owner}{/repo}","subscriptions_url":"https://api.github.com/users/theadambyrne/subscriptions","organizations_url":"https://api.github.com/users/theadambyrne/orgs","repos_url":"https://api.github.com/users/theadambyrne/repos","events_url":"https://api.github.com/users/theadambyrne/events{/privacy}","received_events_url":"https://api.github.com/users/theadambyrne/received_events","type":"User","site_admin":false,"name":"Adam Byrne","company":"adambxrne","blog":"https://bxrne.com","location":"Future","email":"adam.r.byrne@gmail.com","hireable":true,"bio":"19. Looking for freelance/internship work.\r\n\r\nTypescript,  Node, React, Next, Svelte, Python | PRO \r\ndinglesailingclub.com","twitter_username":"adambxrne","public_repos":72,"public_gists":5,"followers":31,"following":173,"created_at":"2014-07-25T16:56:15Z","updated_at":"2022-02-11T14:04:37Z","private_gists":0,"total_private_repos":4,"owned_private_repos":4,"disk_usage":133477,"collaborators":0,"two_factor_authentication":true,"plan":{"name":"free","space":976562499,"collaborators":0,"private_repos":10000}}
[info] 
[info] ✔  Success! Logged into GitHub as theadambyrne 
[info] 
